<?xml version="1.0" encoding="UTF-8"?>
<!-- Generated by org.testng.reporters.JUnitXMLReporter -->
<testsuite hostname="DESKTOP-9448OA7" ignored="4" name="Test" tests="2" failures="0" timestamp="22 Sep 2022 18:51:28 GMT" time="90.965" errors="0">
  <testcase name="CustomerDetails" time="21.999" classname="testcases.TC001"/>
  <testcase name="customerLogin" time="16.059" classname="testcases.TC002"/>
  <testcase name="@BeforeSuite beforeSuite" time="0.0" classname="projImplementation.ProjectWrappers">
    <ignored/>
  </testcase> <!-- @BeforeSuite beforeSuite -->
  <testcase name="@AfterSuite afterSuite" time="0.0" classname="projImplementation.ProjectWrappers">
    <ignored/>
  </testcase> <!-- @AfterSuite afterSuite -->
  <testcase name="@BeforeTest beforeTest" time="0.0" classname="projImplementation.ProjectWrappers">
    <ignored/>
  </testcase> <!-- @BeforeTest beforeTest -->
  <testcase name="@AfterTest afterTest" time="0.0" classname="projImplementation.ProjectWrappers">
    <ignored/>
  </testcase> <!-- @AfterTest afterTest -->
</testsuite> <!-- Test -->
