<?xml version="1.0" encoding="UTF-8"?>
<testng-results skipped="0" failed="0" ignored="4" total="6" passed="2">
  <reporter-output>
  </reporter-output>
  <suite name="Suite" duration-ms="90965" started-at="2022-09-22T18:49:57Z" finished-at="2022-09-22T18:51:28Z">
    <groups>
    </groups>
    <test name="Test" duration-ms="90965" started-at="2022-09-22T18:49:57Z" finished-at="2022-09-22T18:51:28Z">
      <class name="testcases.TC002">
        <test-method status="PASS" signature="beforeClass()[pri:0, instance:testcases.TC002@29ca901e]" name="beforeClass" is-config="true" duration-ms="0" started-at="2022-09-23T02:50:46Z" finished-at="2022-09-23T02:50:46Z">
          <reporter-output>
          </reporter-output>
        </test-method> <!-- beforeClass -->
        <test-method status="PASS" signature="beforeMethod()[pri:0, instance:testcases.TC002@29ca901e]" name="beforeMethod" is-config="true" duration-ms="25208" started-at="2022-09-23T02:50:46Z" finished-at="2022-09-23T02:51:12Z">
          <reporter-output>
          </reporter-output>
        </test-method> <!-- beforeMethod -->
        <test-method status="PASS" signature="customerLogin()[pri:0, instance:testcases.TC002@29ca901e]" name="customerLogin" duration-ms="16059" started-at="2022-09-23T02:51:12Z" finished-at="2022-09-23T02:51:28Z">
          <reporter-output>
          </reporter-output>
        </test-method> <!-- customerLogin -->
        <test-method status="PASS" signature="afterMethod()[pri:0, instance:testcases.TC002@29ca901e]" name="afterMethod" is-config="true" duration-ms="0" started-at="2022-09-23T02:51:28Z" finished-at="2022-09-23T02:51:28Z">
          <reporter-output>
          </reporter-output>
        </test-method> <!-- afterMethod -->
        <test-method status="PASS" signature="afterClass()[pri:0, instance:testcases.TC002@29ca901e]" name="afterClass" is-config="true" duration-ms="0" started-at="2022-09-23T02:51:28Z" finished-at="2022-09-23T02:51:28Z">
          <reporter-output>
          </reporter-output>
        </test-method> <!-- afterClass -->
      </class> <!-- testcases.TC002 -->
      <class name="testcases.TC001">
        <test-method status="PASS" signature="beforeSuite()[pri:0, instance:testcases.TC001@4bec1f0c]" name="beforeSuite" is-config="true" duration-ms="228" started-at="2022-09-23T02:49:56Z" finished-at="2022-09-23T02:49:57Z">
          <reporter-output>
          </reporter-output>
        </test-method> <!-- beforeSuite -->
        <test-method status="PASS" signature="beforeTest()[pri:0, instance:testcases.TC001@4bec1f0c]" name="beforeTest" is-config="true" duration-ms="0" started-at="2022-09-23T02:49:57Z" finished-at="2022-09-23T02:49:57Z">
          <reporter-output>
          </reporter-output>
        </test-method> <!-- beforeTest -->
        <test-method status="PASS" signature="beforeClass()[pri:0, instance:testcases.TC001@4bec1f0c]" name="beforeClass" is-config="true" duration-ms="1" started-at="2022-09-23T02:49:57Z" finished-at="2022-09-23T02:49:57Z">
          <reporter-output>
          </reporter-output>
        </test-method> <!-- beforeClass -->
        <test-method status="PASS" signature="beforeMethod()[pri:0, instance:testcases.TC001@4bec1f0c]" name="beforeMethod" is-config="true" duration-ms="27665" started-at="2022-09-23T02:49:57Z" finished-at="2022-09-23T02:50:24Z">
          <reporter-output>
          </reporter-output>
        </test-method> <!-- beforeMethod -->
        <test-method status="PASS" signature="CustomerDetails()[pri:0, instance:testcases.TC001@4bec1f0c]" name="CustomerDetails" duration-ms="21999" started-at="2022-09-23T02:50:24Z" finished-at="2022-09-23T02:50:46Z">
          <reporter-output>
          </reporter-output>
        </test-method> <!-- CustomerDetails -->
        <test-method status="PASS" signature="afterMethod()[pri:0, instance:testcases.TC001@4bec1f0c]" name="afterMethod" is-config="true" duration-ms="1" started-at="2022-09-23T02:50:46Z" finished-at="2022-09-23T02:50:46Z">
          <reporter-output>
          </reporter-output>
        </test-method> <!-- afterMethod -->
        <test-method status="PASS" signature="afterClass()[pri:0, instance:testcases.TC001@4bec1f0c]" name="afterClass" is-config="true" duration-ms="3" started-at="2022-09-23T02:50:46Z" finished-at="2022-09-23T02:50:46Z">
          <reporter-output>
          </reporter-output>
        </test-method> <!-- afterClass -->
        <test-method status="PASS" signature="afterTest()[pri:0, instance:testcases.TC001@4bec1f0c]" name="afterTest" is-config="true" duration-ms="0" started-at="2022-09-23T02:51:28Z" finished-at="2022-09-23T02:51:28Z">
          <reporter-output>
          </reporter-output>
        </test-method> <!-- afterTest -->
        <test-method status="PASS" signature="afterSuite()[pri:0, instance:testcases.TC001@4bec1f0c]" name="afterSuite" is-config="true" duration-ms="498" started-at="2022-09-23T02:51:28Z" finished-at="2022-09-23T02:51:28Z">
          <reporter-output>
          </reporter-output>
        </test-method> <!-- afterSuite -->
      </class> <!-- testcases.TC001 -->
    </test> <!-- Test -->
  </suite> <!-- Suite -->
</testng-results>
